2022-04-01 19:49:47 DEBUG SearchResultsPage:70 - Initilize The Page Objects
2022-04-01 19:49:47 DEBUG SearchResultsPage:26 - Executing doLoginTest()
2022-04-01 19:49:47 DEBUG SearchResultsPage:27 - Verify Linkedin Home Page Element And Title
2022-04-01 19:49:47 DEBUG LinkedinHomePage:43 - wait for the linkedin home page title
2022-04-01 19:49:47 DEBUG LinkedinHomePage:48 - wait for the linkedin logo
2022-04-01 19:49:48 DEBUG SearchResultsPage:31 - Click On Signin Link
2022-04-01 19:49:48 DEBUG LinkedinHomePage:53 - click on sign in link in homepage
2022-04-01 19:49:48 DEBUG BasePageWeb:43 - wait for the element to be clickable or not
2022-04-01 19:49:48 DEBUG BasePageWeb:45 - click on the given element
2022-04-01 19:49:49 DEBUG SearchResultsPage:34 - Verify Linkedin Login Page Element And Title
2022-04-01 19:49:49 DEBUG LinkedinHomePage:62 - wait for the signin Header Text
2022-04-01 19:49:50 DEBUG LinkedinHomePage:57 - wait for the linkedin signin page title
2022-04-01 19:49:50 DEBUG SearchResultsPage:38 - Perform Login Test
2022-04-01 19:49:50 DEBUG LinkedinHomePage:76 - Start doLogin ()
2022-04-01 19:49:50 DEBUG LinkedinHomePage:77 - Clear The Content In Email Editbox.
2022-04-01 19:49:50 DEBUG BasePageWeb:79 - wait for the element to be clickable or not
2022-04-01 19:49:50 DEBUG BasePageWeb:81 - clear the content in given editbox element
2022-04-01 19:49:50 DEBUG LinkedinHomePage:80 - Type UserName hydus06@gmail.com In Email Editbox
2022-04-01 19:49:50 DEBUG LinkedinHomePage:83 - Clear The Content In Password Editbox.
2022-04-01 19:49:50 DEBUG BasePageWeb:79 - wait for the element to be clickable or not
2022-04-01 19:49:50 DEBUG BasePageWeb:81 - clear the content in given editbox element
2022-04-01 19:49:50 DEBUG LinkedinHomePage:86 - Type UserName Jyotsna5241 In Password Editbox
2022-04-01 19:49:50 DEBUG LinkedinHomePage:67 - click on sign Button in signin process page
2022-04-01 19:49:50 DEBUG BasePageWeb:43 - wait for the element to be clickable or not
2022-04-01 19:49:50 DEBUG BasePageWeb:45 - click on the given element
2022-04-01 19:49:56 DEBUG SearchResultsPage:62 - Reading The Excel Sheet Data To @Dataprovider Annotation
2022-04-01 19:49:56 DEBUG ExcelUtils:28 - Specify the path of file :C:\Users\jayaj\eclipse-workspace\HybridFrameworkMar2022\src\test\java\com\qa\linkedin\data\searchData.xlsx
2022-04-01 19:49:56 DEBUG ExcelUtils:31 - read the file
2022-04-01 19:49:56 DEBUG ExcelUtils:33 - Load workbook
2022-04-01 19:49:57 DEBUG ExcelUtils:38 - fetch the row count
2022-04-01 19:49:57 DEBUG ExcelUtils:40 - number of rows in the excel sheet is-->6
2022-04-01 19:49:57 DEBUG ExcelUtils:42 - number of columns in the excel sheet is -->1
2022-04-01 19:49:57 DEBUG SearchResultsPage:45 - Start doSearchPeopleTest for  :Jaya
2022-04-01 19:49:57 DEBUG LinkedinHomePage:36 - wait for the ProfileRailCard
2022-04-01 19:49:57 DEBUG LinkedinHomePage:42 - Verify The Linkedin Loggedin Page Title: Feed | LinkedIn
2022-04-01 19:49:57 DEBUG SearchResultsPage:49 - Type The Value Of Jaya In Search Editbox
2022-04-01 19:49:57 DEBUG LinkedinHomePage:64 - Perform the doPeopleSearch search: Jaya
2022-04-01 19:49:57 DEBUG LinkedinHomePage:65 - Clear The Content In The Search Editbox
2022-04-01 19:49:57 DEBUG BasePageWeb:79 - wait for the element to be clickable or not
2022-04-01 19:49:57 DEBUG BasePageWeb:81 - clear the content in given editbox element
2022-04-01 19:49:57 DEBUG LinkedinHomePage:68 - Type The Search Keyword: Jaya in search Editbox
2022-04-01 19:49:58 DEBUG LinkedinHomePage:71 - Press The ENTER Key On searchEditbox
2022-04-01 19:49:58 DEBUG SearchResultsPage:52 - Fetch The Search Results Count For : Jaya
2022-04-01 19:49:58 DEBUG SearchResultsPage:30 - Wait for search results page title
2022-04-01 19:50:20 DEBUG SearchResultsPage:63 - Performing Get Results count for the given people
2022-04-01 19:50:20 DEBUG SearchResultsPage:47 - Performing fetch results count for the given people
2022-04-01 19:50:21 DEBUG SearchResultsPage:45 - Start doSearchPeopleTest for  :Jyotsna
2022-04-01 19:50:21 DEBUG LinkedinHomePage:36 - wait for the ProfileRailCard
2022-04-01 19:50:21 DEBUG LinkedinHomePage:42 - Verify The Linkedin Loggedin Page Title: Feed | LinkedIn
2022-04-01 19:50:21 DEBUG SearchResultsPage:49 - Type The Value Of Jyotsna In Search Editbox
2022-04-01 19:50:21 DEBUG LinkedinHomePage:64 - Perform the doPeopleSearch search: Jyotsna
2022-04-01 19:50:21 DEBUG LinkedinHomePage:65 - Clear The Content In The Search Editbox
2022-04-01 19:50:21 DEBUG BasePageWeb:79 - wait for the element to be clickable or not
2022-04-01 19:50:21 DEBUG BasePageWeb:81 - clear the content in given editbox element
2022-04-01 19:50:21 DEBUG LinkedinHomePage:68 - Type The Search Keyword: Jyotsna in search Editbox
2022-04-01 19:50:21 DEBUG LinkedinHomePage:71 - Press The ENTER Key On searchEditbox
2022-04-01 19:50:21 DEBUG SearchResultsPage:52 - Fetch The Search Results Count For : Jyotsna
2022-04-01 19:50:21 DEBUG SearchResultsPage:30 - Wait for search results page title
2022-04-01 19:50:26 DEBUG SearchResultsPage:63 - Performing Get Results count for the given people
2022-04-01 19:50:26 DEBUG SearchResultsPage:47 - Performing fetch results count for the given people
2022-04-01 19:50:26 DEBUG SearchResultsPage:45 - Start doSearchPeopleTest for  :hamsini
2022-04-01 19:50:26 DEBUG LinkedinHomePage:36 - wait for the ProfileRailCard
2022-04-01 19:50:26 DEBUG LinkedinHomePage:42 - Verify The Linkedin Loggedin Page Title: Feed | LinkedIn
2022-04-01 19:50:26 DEBUG SearchResultsPage:49 - Type The Value Of hamsini In Search Editbox
2022-04-01 19:50:26 DEBUG LinkedinHomePage:64 - Perform the doPeopleSearch search: hamsini
2022-04-01 19:50:26 DEBUG LinkedinHomePage:65 - Clear The Content In The Search Editbox
2022-04-01 19:50:26 DEBUG BasePageWeb:79 - wait for the element to be clickable or not
2022-04-01 19:50:26 DEBUG BasePageWeb:81 - clear the content in given editbox element
2022-04-01 19:50:27 DEBUG LinkedinHomePage:68 - Type The Search Keyword: hamsini in search Editbox
2022-04-01 19:50:27 DEBUG LinkedinHomePage:71 - Press The ENTER Key On searchEditbox
2022-04-01 19:50:27 DEBUG SearchResultsPage:52 - Fetch The Search Results Count For : hamsini
2022-04-01 19:50:27 DEBUG SearchResultsPage:30 - Wait for search results page title
2022-04-01 19:50:33 DEBUG SearchResultsPage:63 - Performing Get Results count for the given people
2022-04-01 19:50:33 DEBUG SearchResultsPage:47 - Performing fetch results count for the given people
2022-04-01 19:50:33 DEBUG SearchResultsPage:45 - Start doSearchPeopleTest for  :harshini
2022-04-01 19:50:33 DEBUG LinkedinHomePage:36 - wait for the ProfileRailCard
2022-04-01 19:50:33 DEBUG LinkedinHomePage:42 - Verify The Linkedin Loggedin Page Title: Feed | LinkedIn
2022-04-01 19:50:33 DEBUG SearchResultsPage:49 - Type The Value Of harshini In Search Editbox
2022-04-01 19:50:33 DEBUG LinkedinHomePage:64 - Perform the doPeopleSearch search: harshini
2022-04-01 19:50:33 DEBUG LinkedinHomePage:65 - Clear The Content In The Search Editbox
2022-04-01 19:50:33 DEBUG BasePageWeb:79 - wait for the element to be clickable or not
2022-04-01 19:50:33 DEBUG BasePageWeb:81 - clear the content in given editbox element
2022-04-01 19:50:33 DEBUG LinkedinHomePage:68 - Type The Search Keyword: harshini in search Editbox
2022-04-01 19:50:34 DEBUG LinkedinHomePage:71 - Press The ENTER Key On searchEditbox
2022-04-01 19:50:34 DEBUG SearchResultsPage:52 - Fetch The Search Results Count For : harshini
2022-04-01 19:50:34 DEBUG SearchResultsPage:30 - Wait for search results page title
2022-04-01 19:50:40 DEBUG SearchResultsPage:63 - Performing Get Results count for the given people
2022-04-01 19:50:40 DEBUG SearchResultsPage:47 - Performing fetch results count for the given people
2022-04-01 19:50:41 DEBUG SearchResultsPage:45 - Start doSearchPeopleTest for  :dhruva
2022-04-01 19:50:41 DEBUG LinkedinHomePage:36 - wait for the ProfileRailCard
2022-04-01 19:50:41 DEBUG LinkedinHomePage:42 - Verify The Linkedin Loggedin Page Title: Feed | LinkedIn
2022-04-01 19:50:41 DEBUG SearchResultsPage:49 - Type The Value Of dhruva In Search Editbox
2022-04-01 19:50:41 DEBUG LinkedinHomePage:64 - Perform the doPeopleSearch search: dhruva
2022-04-01 19:50:41 DEBUG LinkedinHomePage:65 - Clear The Content In The Search Editbox
2022-04-01 19:50:41 DEBUG BasePageWeb:79 - wait for the element to be clickable or not
2022-04-01 19:50:41 DEBUG BasePageWeb:81 - clear the content in given editbox element
2022-04-01 19:50:41 DEBUG LinkedinHomePage:68 - Type The Search Keyword: dhruva in search Editbox
2022-04-01 19:50:41 DEBUG LinkedinHomePage:71 - Press The ENTER Key On searchEditbox
2022-04-01 19:50:41 DEBUG SearchResultsPage:52 - Fetch The Search Results Count For : dhruva
2022-04-01 19:50:41 DEBUG SearchResultsPage:30 - Wait for search results page title
2022-04-01 19:50:50 DEBUG SearchResultsPage:63 - Performing Get Results count for the given people
2022-04-01 19:50:50 DEBUG SearchResultsPage:47 - Performing fetch results count for the given people
2022-04-01 19:50:51 DEBUG SearchResultsPage:45 - Start doSearchPeopleTest for  :ramesh
2022-04-01 19:50:51 DEBUG LinkedinHomePage:36 - wait for the ProfileRailCard
2022-04-01 19:50:51 DEBUG LinkedinHomePage:42 - Verify The Linkedin Loggedin Page Title: Feed | LinkedIn
2022-04-01 19:50:51 DEBUG SearchResultsPage:49 - Type The Value Of ramesh In Search Editbox
2022-04-01 19:50:51 DEBUG LinkedinHomePage:64 - Perform the doPeopleSearch search: ramesh
2022-04-01 19:50:51 DEBUG LinkedinHomePage:65 - Clear The Content In The Search Editbox
2022-04-01 19:50:51 DEBUG BasePageWeb:79 - wait for the element to be clickable or not
2022-04-01 19:50:51 DEBUG BasePageWeb:81 - clear the content in given editbox element
2022-04-01 19:50:51 DEBUG LinkedinHomePage:68 - Type The Search Keyword: ramesh in search Editbox
2022-04-01 19:50:51 DEBUG LinkedinHomePage:71 - Press The ENTER Key On searchEditbox
2022-04-01 19:50:51 DEBUG SearchResultsPage:52 - Fetch The Search Results Count For : ramesh
2022-04-01 19:50:51 DEBUG SearchResultsPage:30 - Wait for search results page title
2022-04-01 19:50:58 DEBUG SearchResultsPage:63 - Performing Get Results count for the given people
2022-04-01 19:50:58 DEBUG SearchResultsPage:47 - Performing fetch results count for the given people
2022-04-01 19:50:58 DEBUG SearchResultsPage:79 - Logout From Application
2022-04-01 19:50:58 DEBUG LinkedinHomePage:48 - Perform the logout operarion from the application
2022-04-01 19:51:43 DEBUG cache:45 - Couldn't find template in cache for "v3html/v3-html-index.ftl"("en", UTF-8, parsed); will try to load it.
2022-04-01 19:51:43 DEBUG cache:45 - TemplateLoader.findTemplateSource("v3html/v3-html-index_en.ftl"): Not found
2022-04-01 19:51:43 DEBUG cache:45 - TemplateLoader.findTemplateSource("v3html/v3-html-index.ftl"): Found
2022-04-01 19:51:43 DEBUG cache:45 - Loading template for "v3html/v3-html-index.ftl"("en", UTF-8, parsed) from "jar:file:/C:/Users/jayaj/.m2/repository/com/aventstack/extentreports/4.0.9/extentreports-4.0.9.jar!/com/aventstack/extentreports/view/v3html/v3-html-index.ftl"
2022-04-01 19:51:44 DEBUG cache:45 - Couldn't find template in cache for "v3html/v3-html-head.ftl"("en", UTF-8, parsed); will try to load it.
2022-04-01 19:51:44 DEBUG cache:45 - TemplateLoader.findTemplateSource("v3html/v3-html-head_en.ftl"): Not found
2022-04-01 19:51:44 DEBUG cache:45 - TemplateLoader.findTemplateSource("v3html/v3-html-head.ftl"): Found
2022-04-01 19:51:44 DEBUG cache:45 - Loading template for "v3html/v3-html-head.ftl"("en", UTF-8, parsed) from "jar:file:/C:/Users/jayaj/.m2/repository/com/aventstack/extentreports/4.0.9/extentreports-4.0.9.jar!/com/aventstack/extentreports/view/v3html/v3-html-head.ftl"
2022-04-01 19:51:44 DEBUG cache:45 - Couldn't find template in cache for "v3html/v3-html-nav.ftl"("en", UTF-8, parsed); will try to load it.
2022-04-01 19:51:44 DEBUG cache:45 - TemplateLoader.findTemplateSource("v3html/v3-html-nav_en.ftl"): Not found
2022-04-01 19:51:44 DEBUG cache:45 - TemplateLoader.findTemplateSource("v3html/v3-html-nav.ftl"): Found
2022-04-01 19:51:44 DEBUG cache:45 - Loading template for "v3html/v3-html-nav.ftl"("en", UTF-8, parsed) from "jar:file:/C:/Users/jayaj/.m2/repository/com/aventstack/extentreports/4.0.9/extentreports-4.0.9.jar!/com/aventstack/extentreports/view/v3html/v3-html-nav.ftl"
2022-04-01 19:51:44 DEBUG cache:45 - Couldn't find template in cache for "v3html/test-view/v3-html-test-view.ftl"("en", UTF-8, parsed); will try to load it.
2022-04-01 19:51:44 DEBUG cache:45 - TemplateLoader.findTemplateSource("v3html/test-view/v3-html-test-view_en.ftl"): Not found
2022-04-01 19:51:44 DEBUG cache:45 - TemplateLoader.findTemplateSource("v3html/test-view/v3-html-test-view.ftl"): Found
2022-04-01 19:51:44 DEBUG cache:45 - Loading template for "v3html/test-view/v3-html-test-view.ftl"("en", UTF-8, parsed) from "jar:file:/C:/Users/jayaj/.m2/repository/com/aventstack/extentreports/4.0.9/extentreports-4.0.9.jar!/com/aventstack/extentreports/view/v3html/test-view/v3-html-test-view.ftl"
2022-04-01 19:51:44 DEBUG cache:45 - Couldn't find template in cache for "v3html/test-view/v3-html-test-view-charts.ftl"("en", UTF-8, parsed); will try to load it.
2022-04-01 19:51:44 DEBUG cache:45 - TemplateLoader.findTemplateSource("v3html/test-view/v3-html-test-view-charts_en.ftl"): Not found
2022-04-01 19:51:44 DEBUG cache:45 - TemplateLoader.findTemplateSource("v3html/test-view/v3-html-test-view-charts.ftl"): Found
2022-04-01 19:51:44 DEBUG cache:45 - Loading template for "v3html/test-view/v3-html-test-view-charts.ftl"("en", UTF-8, parsed) from "jar:file:/C:/Users/jayaj/.m2/repository/com/aventstack/extentreports/4.0.9/extentreports-4.0.9.jar!/com/aventstack/extentreports/view/v3html/test-view/v3-html-test-view-charts.ftl"
2022-04-01 19:51:44 DEBUG cache:45 - Couldn't find template in cache for "v3html/test-view/v3-html-standard.ftl"("en", UTF-8, parsed); will try to load it.
2022-04-01 19:51:44 DEBUG cache:45 - TemplateLoader.findTemplateSource("v3html/test-view/v3-html-standard_en.ftl"): Not found
2022-04-01 19:51:44 DEBUG cache:45 - TemplateLoader.findTemplateSource("v3html/test-view/v3-html-standard.ftl"): Found
2022-04-01 19:51:44 DEBUG cache:45 - Loading template for "v3html/test-view/v3-html-standard.ftl"("en", UTF-8, parsed) from "jar:file:/C:/Users/jayaj/.m2/repository/com/aventstack/extentreports/4.0.9/extentreports-4.0.9.jar!/com/aventstack/extentreports/view/v3html/test-view/v3-html-standard.ftl"
2022-04-01 19:51:44 DEBUG cache:45 - "v3html/test-view/v3-html-standard.ftl"("en", UTF-8, parsed) cached copy not yet stale; using cached.
2022-04-01 19:51:44 DEBUG cache:45 - "v3html/test-view/v3-html-standard.ftl"("en", UTF-8, parsed) cached copy not yet stale; using cached.
2022-04-01 19:51:44 DEBUG cache:45 - "v3html/test-view/v3-html-standard.ftl"("en", UTF-8, parsed) cached copy not yet stale; using cached.
2022-04-01 19:51:44 DEBUG cache:45 - "v3html/test-view/v3-html-standard.ftl"("en", UTF-8, parsed) cached copy not yet stale; using cached.
2022-04-01 19:51:44 DEBUG cache:45 - "v3html/test-view/v3-html-standard.ftl"("en", UTF-8, parsed) cached copy not yet stale; using cached.
2022-04-01 19:51:44 DEBUG cache:45 - "v3html/test-view/v3-html-standard.ftl"("en", UTF-8, parsed) cached copy not yet stale; using cached.
2022-04-01 19:51:44 DEBUG cache:45 - Couldn't find template in cache for "v3html/category-view/v3-html-category-view.ftl"("en", UTF-8, parsed); will try to load it.
2022-04-01 19:51:44 DEBUG cache:45 - TemplateLoader.findTemplateSource("v3html/category-view/v3-html-category-view_en.ftl"): Not found
2022-04-01 19:51:44 DEBUG cache:45 - TemplateLoader.findTemplateSource("v3html/category-view/v3-html-category-view.ftl"): Found
2022-04-01 19:51:44 DEBUG cache:45 - Loading template for "v3html/category-view/v3-html-category-view.ftl"("en", UTF-8, parsed) from "jar:file:/C:/Users/jayaj/.m2/repository/com/aventstack/extentreports/4.0.9/extentreports-4.0.9.jar!/com/aventstack/extentreports/view/v3html/category-view/v3-html-category-view.ftl"
2022-04-01 19:51:44 DEBUG cache:45 - Couldn't find template in cache for "v3html/exception-view/v3-html-exception-view.ftl"("en", UTF-8, parsed); will try to load it.
2022-04-01 19:51:44 DEBUG cache:45 - TemplateLoader.findTemplateSource("v3html/exception-view/v3-html-exception-view_en.ftl"): Not found
2022-04-01 19:51:44 DEBUG cache:45 - TemplateLoader.findTemplateSource("v3html/exception-view/v3-html-exception-view.ftl"): Found
2022-04-01 19:51:44 DEBUG cache:45 - Loading template for "v3html/exception-view/v3-html-exception-view.ftl"("en", UTF-8, parsed) from "jar:file:/C:/Users/jayaj/.m2/repository/com/aventstack/extentreports/4.0.9/extentreports-4.0.9.jar!/com/aventstack/extentreports/view/v3html/exception-view/v3-html-exception-view.ftl"
2022-04-01 19:51:44 DEBUG cache:45 - Couldn't find template in cache for "v3html/author-view/v3-html-author-view.ftl"("en", UTF-8, parsed); will try to load it.
2022-04-01 19:51:44 DEBUG cache:45 - TemplateLoader.findTemplateSource("v3html/author-view/v3-html-author-view_en.ftl"): Not found
2022-04-01 19:51:44 DEBUG cache:45 - TemplateLoader.findTemplateSource("v3html/author-view/v3-html-author-view.ftl"): Found
2022-04-01 19:51:44 DEBUG cache:45 - Loading template for "v3html/author-view/v3-html-author-view.ftl"("en", UTF-8, parsed) from "jar:file:/C:/Users/jayaj/.m2/repository/com/aventstack/extentreports/4.0.9/extentreports-4.0.9.jar!/com/aventstack/extentreports/view/v3html/author-view/v3-html-author-view.ftl"
2022-04-01 19:51:44 DEBUG cache:45 - Couldn't find template in cache for "v3html/dashboard-view/v3-html-dashboard-view.ftl"("en", UTF-8, parsed); will try to load it.
2022-04-01 19:51:44 DEBUG cache:45 - TemplateLoader.findTemplateSource("v3html/dashboard-view/v3-html-dashboard-view_en.ftl"): Not found
2022-04-01 19:51:44 DEBUG cache:45 - TemplateLoader.findTemplateSource("v3html/dashboard-view/v3-html-dashboard-view.ftl"): Found
2022-04-01 19:51:44 DEBUG cache:45 - Loading template for "v3html/dashboard-view/v3-html-dashboard-view.ftl"("en", UTF-8, parsed) from "jar:file:/C:/Users/jayaj/.m2/repository/com/aventstack/extentreports/4.0.9/extentreports-4.0.9.jar!/com/aventstack/extentreports/view/v3html/dashboard-view/v3-html-dashboard-view.ftl"
2022-04-01 19:51:44 DEBUG cache:45 - Couldn't find template in cache for "v3html/logs-view/v3-html-testrunner-logs-view.ftl"("en", UTF-8, parsed); will try to load it.
2022-04-01 19:51:44 DEBUG cache:45 - TemplateLoader.findTemplateSource("v3html/logs-view/v3-html-testrunner-logs-view_en.ftl"): Not found
2022-04-01 19:51:44 DEBUG cache:45 - TemplateLoader.findTemplateSource("v3html/logs-view/v3-html-testrunner-logs-view.ftl"): Found
2022-04-01 19:51:44 DEBUG cache:45 - Loading template for "v3html/logs-view/v3-html-testrunner-logs-view.ftl"("en", UTF-8, parsed) from "jar:file:/C:/Users/jayaj/.m2/repository/com/aventstack/extentreports/4.0.9/extentreports-4.0.9.jar!/com/aventstack/extentreports/view/v3html/logs-view/v3-html-testrunner-logs-view.ftl"
